17:00:58.023 [main] INFO  test_cases.Test_case_1 - ******Executing the Test_case_1******
17:00:58.033 [main] DEBUG test_cases.Test_case_1 - Debug of script
17:00:58.073 [main] INFO  test_cases.Test_case_1 - Entering username.....
17:00:58.225 [main] INFO  test_cases.Test_case_1 - Entering password......
17:00:58.423 [main] INFO  test_cases.Test_case_1 - clicking on login.......
17:00:59.727 [main] INFO  test_cases.Test_case_1 - Logged in successfully
17:00:59.727 [main] INFO  test_cases.Test_case_1 - validating the dashboard title
17:01:00.343 [main] INFO  test_cases.Test_case_1 - dashboard title is available
17:01:00.343 [main] INFO  test_cases.Test_case_1 - ******Executed the Test_case_1******
17:07:36.408 [main] INFO  test_cases.Test_case_1 - ******Executing the Test_case_1******
17:07:36.414 [main] DEBUG test_cases.Test_case_1 - Debug of script
17:07:36.450 [main] INFO  test_cases.Test_case_1 - Entering username.....
17:07:36.578 [main] INFO  test_cases.Test_case_1 - Entering password......
17:07:36.751 [main] INFO  test_cases.Test_case_1 - clicking on login.......
17:07:38.346 [main] INFO  test_cases.Test_case_1 - Logged in successfully
17:07:38.346 [main] INFO  test_cases.Test_case_1 - validating the dashboard title
17:07:38.814 [main] INFO  test_cases.Test_case_1 - dashboard title is available
17:07:38.814 [main] INFO  test_cases.Test_case_1 - ******Executed the Test_case_1******
17:13:14.450 [main] INFO  test_cases.Test_case_1 - ******Executing the Test_case_1******
17:13:14.461 [main] DEBUG test_cases.Test_case_1 - Debug of script
17:13:14.500 [main] INFO  test_cases.Test_case_1 - Entering username.....
17:13:14.676 [main] INFO  test_cases.Test_case_1 - Entering password......
17:13:14.824 [main] INFO  test_cases.Test_case_1 - clicking on login.......
17:13:14.931 [main] INFO  test_cases.Test_case_1 - Logged in successfully
17:13:14.931 [main] INFO  test_cases.Test_case_1 - validating the dashboard title
17:13:17.233 [main] INFO  test_cases.Test_case_1 - dashboard title is available
17:13:17.235 [main] INFO  test_cases.Test_case_1 - ******Executed the Test_case_1******
18:08:08.463 [main] INFO  test_cases.End_to_End - ******Executing the Test_case_1******
18:08:08.470 [main] DEBUG test_cases.End_to_End - Debug of script
18:08:08.512 [main] INFO  test_cases.End_to_End - Entering username.....
18:08:08.652 [main] INFO  test_cases.End_to_End - Entering password......
18:08:08.880 [main] INFO  test_cases.End_to_End - clicking on login.......
18:08:10.174 [main] INFO  test_cases.End_to_End - Logged in successfully
18:08:10.174 [main] INFO  test_cases.End_to_End - validating the dashboard title
18:08:10.731 [main] INFO  test_cases.End_to_End - dashboard title is available
11:09:49.202 [main] INFO  test_cases.Test_case_1 - ******Executing the Test_case_1******
11:09:49.211 [main] DEBUG test_cases.Test_case_1 - Debug of script
11:09:49.276 [main] INFO  test_cases.Test_case_1 - Entering username.....
11:09:49.358 [main] INFO  test_cases.Test_case_1 - Entering password......
11:09:49.500 [main] INFO  test_cases.Test_case_1 - clicking on login.......
11:09:49.590 [main] INFO  test_cases.Test_case_1 - Logged in successfully
11:09:49.592 [main] INFO  test_cases.Test_case_1 - validating the dashboard title
11:09:51.204 [main] INFO  test_cases.Test_case_1 - dashboard title is available
11:09:51.204 [main] INFO  test_cases.Test_case_1 - ******Executed the Test_case_1******
19:40:15.153 [main] INFO  test_cases.End_to_End - ******Executing the Test_case_1******
19:40:15.162 [main] DEBUG test_cases.End_to_End - Debug of script
19:40:15.232 [main] INFO  test_cases.End_to_End - Entering username.....
19:40:15.335 [main] INFO  test_cases.End_to_End - Entering password......
19:40:15.465 [main] INFO  test_cases.End_to_End - clicking on login.......
19:40:16.722 [main] INFO  test_cases.End_to_End - Logged in successfully
19:40:16.722 [main] INFO  test_cases.End_to_End - validating the dashboard title
19:40:17.222 [main] INFO  test_cases.End_to_End - dashboard title is available
